c:\users\hl\documents\visual studio 2017\projects\3dprintvision\cpp\posetrackingpreview\debug\pch.pch
c:\users\hl\documents\visual studio 2017\projects\3dprintvision\cpp\posetrackingpreview\debug\vc141.pdb
c:\users\hl\documents\visual studio 2017\projects\3dprintvision\cpp\posetrackingpreview\debug\vc141.idb
c:\users\hl\documents\visual studio 2017\projects\3dprintvision\cpp\posetrackingpreview\debug\pch.obj
c:\users\hl\documents\visual studio 2017\projects\3dprintvision\cpp\posetrackingpreview\debug\posetrackingframe.obj
c:\users\hl\documents\visual studio 2017\projects\3dprintvision\cpp\debug\posetrackingpreview\windowspreview.media.capture.frames.ilk
c:\users\hl\documents\visual studio 2017\projects\3dprintvision\cpp\debug\posetrackingpreview\windowspreview.media.capture.frames.dll
c:\users\hl\documents\visual studio 2017\projects\3dprintvision\cpp\debug\posetrackingpreview\windowspreview.media.capture.frames.winmd
c:\users\hl\documents\visual studio 2017\projects\3dprintvision\cpp\debug\posetrackingpreview\windowspreview.media.capture.frames.pdb
c:\users\hl\documents\visual studio 2017\projects\3dprintvision\cpp\debug\posetrackingpreview\windowspreview.media.capture.frames.lib
c:\users\hl\documents\visual studio 2017\projects\3dprintvision\cpp\debug\posetrackingpreview\windowspreview.media.capture.frames.exp
c:\users\hl\documents\visual studio 2017\projects\3dprintvision\cpp\posetrackingpreview\debug\priconfig.xml
c:\users\hl\documents\visual studio 2017\projects\3dprintvision\cpp\posetrackingpreview\debug\priconfig.xml.intermediate
c:\users\hl\documents\visual studio 2017\projects\3dprintvision\cpp\posetrackingpreview\debug\layout.resfiles
c:\users\hl\documents\visual studio 2017\projects\3dprintvision\cpp\posetrackingpreview\debug\layout.resfiles.intermediate
c:\users\hl\documents\visual studio 2017\projects\3dprintvision\cpp\posetrackingpreview\debug\resources.resfiles
c:\users\hl\documents\visual studio 2017\projects\3dprintvision\cpp\posetrackingpreview\debug\resources.resfiles.intermediate
c:\users\hl\documents\visual studio 2017\projects\3dprintvision\cpp\posetrackingpreview\debug\pri.resfiles
c:\users\hl\documents\visual studio 2017\projects\3dprintvision\cpp\posetrackingpreview\debug\pri.resfiles.intermediate
c:\users\hl\documents\visual studio 2017\projects\3dprintvision\cpp\debug\posetrackingpreview\windowspreview.media.capture.frames.pri
c:\users\hl\documents\visual studio 2017\projects\3dprintvision\cpp\posetrackingpreview\debug\qualifiers.txt
c:\users\hl\documents\visual studio 2017\projects\3dprintvision\cpp\posetrackingpreview\debug\qualifiers.txt.intermediate
c:\users\hl\documents\visual studio 2017\projects\3dprintvision\cpp\posetrackingpreview\debug\multiplequalifiersperdimensionfound.txt
c:\users\hl\documents\visual studio 2017\projects\3dprintvision\cpp\posetrackingpreview\debug\embed.resfiles
c:\users\hl\documents\visual studio 2017\projects\3dprintvision\cpp\posetrackingpreview\debug\posetrac.67b5157a.tlog\cl.command.1.tlog
c:\users\hl\documents\visual studio 2017\projects\3dprintvision\cpp\posetrackingpreview\debug\posetrac.67b5157a.tlog\cl.read.1.tlog
c:\users\hl\documents\visual studio 2017\projects\3dprintvision\cpp\posetrackingpreview\debug\posetrac.67b5157a.tlog\cl.write.1.tlog
c:\users\hl\documents\visual studio 2017\projects\3dprintvision\cpp\posetrackingpreview\debug\posetrac.67b5157a.tlog\link.command.1.tlog
c:\users\hl\documents\visual studio 2017\projects\3dprintvision\cpp\posetrackingpreview\debug\posetrac.67b5157a.tlog\link.read.1.tlog
c:\users\hl\documents\visual studio 2017\projects\3dprintvision\cpp\posetrackingpreview\debug\posetrac.67b5157a.tlog\link.write.1.tlog
c:\users\hl\documents\visual studio 2017\projects\3dprintvision\cpp\posetrackingpreview\debug\posetrac.67b5157a.tlog\posetrackingpreview.read.1u.tlog
c:\users\hl\documents\visual studio 2017\projects\3dprintvision\cpp\posetrackingpreview\debug\posetrac.67b5157a.tlog\posetrackingpreview.write.1u.tlog
